TN:
SF:src\App.tsx
FN:6,(anonymous_1)
FNF:1
FNH:0
FNDA:0,(anonymous_1)
DA:1,0
DA:2,0
DA:3,0
DA:4,0
DA:6,0
DA:7,0
DA:14,0
LF:7
LH:0
BRF:0
BRH:0
end_of_record
TN:
SF:src\Counter.tsx
FN:4,Counter
FN:9,(anonymous_2)
FNF:2
FNH:2
FNDA:2,Counter
FNDA:1,(anonymous_2)
DA:1,1
DA:2,1
DA:4,1
DA:5,2
DA:7,2
DA:9,1
LF:6
LH:6
BRF:0
BRH:0
end_of_record
TN:
SF:src\Footer.tsx
FN:3,Footer
FNF:1
FNH:0
FNDA:0,Footer
DA:1,0
DA:3,0
DA:4,0
LF:3
LH:0
BRF:0
BRH:0
end_of_record
TN:
SF:src\Header.tsx
FN:4,Header
FNF:1
FNH:0
FNDA:0,Header
DA:1,0
DA:2,0
DA:4,0
DA:5,0
LF:4
LH:0
BRF:0
BRH:0
end_of_record
TN:
SF:src\MainContent.tsx
FN:4,MainContent
FNF:1
FNH:0
FNDA:0,MainContent
DA:1,0
DA:2,0
DA:4,0
DA:5,0
LF:4
LH:0
BRF:0
BRH:0
end_of_record
TN:
SF:src\index.tsx
FNF:0
FNH:0
DA:1,0
DA:2,0
DA:4,0
DA:5,0
DA:6,0
DA:7,0
LF:6
LH:0
BRDA:5,0,0,0
BRF:1
BRH:0
end_of_record
